PyQt5.uic.uiparser - DEBUG - uiname is MainWindow
PyQt5.uic.uiparser - DEBUG - toplevel widget is MainWindow
PyQt5.uic.properties - DEBUG - setting property geometry
PyQt5.uic.properties - DEBUG - setting property minimumSize
PyQt5.uic.properties - DEBUG - setting property windowTitle
PyQt5.uic.properties - DEBUG - setting property windowIcon
PyQt5.uic.uiparser - DEBUG - push MainWindow MainWindow
PyQt5.uic.uiparser - DEBUG - push QWidget centralwidget
PyQt5.uic.properties - DEBUG - setting property spacing
PyQt5.uic.properties - DEBUG - setting property pyuicMargins
PyQt5.uic.properties - DEBUG - setting property pyuicSpacing
PyQt5.uic.uiparser - DEBUG - push QHBoxLayout horizontalLayout_2
PyQt5.uic.uiparser - DEBUG - push BoardView board_graphics_view
PyQt5.uic.uiparser - DEBUG - pop widget BoardView board_graphics_view
PyQt5.uic.uiparser - DEBUG - new topwidget <PyQt5.QtWidgets.QWidget object at 0x00000225371821F0>
PyQt5.uic.properties - DEBUG - setting property spacing
PyQt5.uic.properties - DEBUG - setting property rightMargin
PyQt5.uic.properties - DEBUG - setting property pyuicMargins
PyQt5.uic.properties - DEBUG - setting property pyuicSpacing
PyQt5.uic.uiparser - DEBUG - push QVBoxLayout verticalLayout
PyQt5.uic.properties - DEBUG - setting property spacing
PyQt5.uic.properties - DEBUG - setting property pyuicSpacing
PyQt5.uic.uiparser - DEBUG - push QHBoxLayout horizontalLayout
PyQt5.uic.properties - DEBUG - setting property minimumSize
PyQt5.uic.properties - DEBUG - setting property maximumSize
PyQt5.uic.properties - DEBUG - setting property cursor
PyQt5.uic.properties - DEBUG - setting property text
PyQt5.uic.properties - DEBUG - setting property icon
PyQt5.uic.uiparser - DEBUG - push QToolButton play_tool_button
PyQt5.uic.uiparser - DEBUG - pop widget QToolButton play_tool_button
PyQt5.uic.uiparser - DEBUG - new topwidget <PyQt5.QtWidgets.QWidget object at 0x00000225371821F0>
PyQt5.uic.properties - DEBUG - setting property enabled
PyQt5.uic.properties - DEBUG - setting property minimumSize
PyQt5.uic.properties - DEBUG - setting property maximumSize
PyQt5.uic.properties - DEBUG - setting property cursor
PyQt5.uic.properties - DEBUG - setting property text
PyQt5.uic.properties - DEBUG - setting property icon
PyQt5.uic.uiparser - DEBUG - push QToolButton prev_step_tool_button
PyQt5.uic.uiparser - DEBUG - pop widget QToolButton prev_step_tool_button
PyQt5.uic.uiparser - DEBUG - new topwidget <PyQt5.QtWidgets.QWidget object at 0x00000225371821F0>
PyQt5.uic.properties - DEBUG - setting property enabled
PyQt5.uic.properties - DEBUG - setting property minimumSize
PyQt5.uic.properties - DEBUG - setting property maximumSize
PyQt5.uic.properties - DEBUG - setting property cursor
PyQt5.uic.properties - DEBUG - setting property text
PyQt5.uic.properties - DEBUG - setting property icon
PyQt5.uic.uiparser - DEBUG - push QToolButton next_step_tool_button
PyQt5.uic.uiparser - DEBUG - pop widget QToolButton next_step_tool_button
PyQt5.uic.uiparser - DEBUG - new topwidget <PyQt5.QtWidgets.QWidget object at 0x00000225371821F0>
PyQt5.uic.uiparser - DEBUG - pop layout QHBoxLayout horizontalLayout
PyQt5.uic.properties - DEBUG - setting property spacing
PyQt5.uic.properties - DEBUG - setting property pyuicSpacing
PyQt5.uic.uiparser - DEBUG - push QHBoxLayout horizontalLayout_3
PyQt5.uic.properties - DEBUG - setting property sizePolicy
PyQt5.uic.properties - DEBUG - setting property maximumSize
PyQt5.uic.properties - DEBUG - setting property mouseTracking
PyQt5.uic.properties - DEBUG - setting property tabletTracking
PyQt5.uic.uiparser - DEBUG - push QTableView table_view_moves
PyQt5.uic.uiparser - DEBUG - pop widget QTableView table_view_moves
PyQt5.uic.uiparser - DEBUG - new topwidget <PyQt5.QtWidgets.QWidget object at 0x00000225371821F0>
PyQt5.uic.uiparser - DEBUG - pop layout QHBoxLayout horizontalLayout_3
PyQt5.uic.uiparser - DEBUG - pop layout QVBoxLayout verticalLayout
PyQt5.uic.uiparser - DEBUG - pop layout QHBoxLayout horizontalLayout_2
PyQt5.uic.uiparser - DEBUG - pop widget QWidget centralwidget
PyQt5.uic.uiparser - DEBUG - new topwidget <app.presenters.main_window.MainWindow object at 0x000002253712E3A0>
PyQt5.uic.properties - DEBUG - setting property geometry
PyQt5.uic.uiparser - DEBUG - push QMenuBar menubar
PyQt5.uic.properties - DEBUG - setting property title
PyQt5.uic.uiparser - DEBUG - push QMenu menu_file
PyQt5.uic.uiparser - DEBUG - pop widget QMenu menu_file
PyQt5.uic.uiparser - DEBUG - new topwidget <PyQt5.QtWidgets.QMenuBar object at 0x00000225371829D0>
PyQt5.uic.uiparser - DEBUG - pop widget QMenuBar menubar
PyQt5.uic.uiparser - DEBUG - new topwidget <app.presenters.main_window.MainWindow object at 0x000002253712E3A0>
PyQt5.uic.uiparser - DEBUG - push QStatusBar statusbar
PyQt5.uic.uiparser - DEBUG - pop widget QStatusBar statusbar
PyQt5.uic.uiparser - DEBUG - new topwidget <app.presenters.main_window.MainWindow object at 0x000002253712E3A0>
PyQt5.uic.properties - DEBUG - setting property text
PyQt5.uic.properties - DEBUG - setting property text
PyQt5.uic.properties - DEBUG - setting property text
PyQt5.uic.properties - DEBUG - setting property text
PyQt5.uic.properties - DEBUG - setting property text
PyQt5.uic.properties - DEBUG - setting property text
PyQt5.uic.properties - DEBUG - setting property text
PyQt5.uic.properties - DEBUG - setting property text
PyQt5.uic.uiparser - DEBUG - pop widget MainWindow MainWindow
PyQt5.uic.uiparser - DEBUG - new topwidget None
PyQt5.uic.uiparser - DEBUG - add action import_game_action to menu_file
PyQt5.uic.uiparser - DEBUG - add action action_delete_game to menu_file
PyQt5.uic.uiparser - DEBUG - add action action_find_chess_game to menu_file
PyQt5.uic.uiparser - DEBUG - add action menu_file to menubar
PyQt5.uic.uiparser - DEBUG - uiname is Dialog
PyQt5.uic.uiparser - DEBUG - toplevel widget is ChessGameSearchDialog
PyQt5.uic.properties - DEBUG - setting property geometry
PyQt5.uic.properties - DEBUG - setting property windowTitle
PyQt5.uic.uiparser - DEBUG - push ChessGameSearchDialog Dialog
PyQt5.uic.uiparser - DEBUG - push QVBoxLayout verticalLayout
PyQt5.uic.properties - DEBUG - setting property title
PyQt5.uic.uiparser - DEBUG - push QGroupBox groupBox_3
PyQt5.uic.uiparser - DEBUG - push QGridLayout gridLayout_3
PyQt5.uic.properties - DEBUG - setting property sizePolicy
PyQt5.uic.properties - DEBUG - setting property text
PyQt5.uic.uiparser - DEBUG - push QLabel label
PyQt5.uic.uiparser - DEBUG - pop widget QLabel label
PyQt5.uic.uiparser - DEBUG - new topwidget <PyQt5.QtWidgets.QGroupBox object at 0x0000022538C06790>
PyQt5.uic.uiparser - DEBUG - push QDateEdit date_edit_chess_game
PyQt5.uic.uiparser - DEBUG - pop widget QDateEdit date_edit_chess_game
PyQt5.uic.uiparser - DEBUG - new topwidget <PyQt5.QtWidgets.QGroupBox object at 0x0000022538C06790>
PyQt5.uic.properties - DEBUG - setting property sizePolicy
PyQt5.uic.properties - DEBUG - setting property text
PyQt5.uic.uiparser - DEBUG - push QCheckBox check_box_chess_game_date
PyQt5.uic.uiparser - DEBUG - pop widget QCheckBox check_box_chess_game_date
PyQt5.uic.uiparser - DEBUG - new topwidget <PyQt5.QtWidgets.QGroupBox object at 0x0000022538C06790>
PyQt5.uic.uiparser - DEBUG - pop layout QGridLayout gridLayout_3
PyQt5.uic.uiparser - DEBUG - pop widget QGroupBox groupBox_3
PyQt5.uic.uiparser - DEBUG - new topwidget <app.presenters.chess_game_search_dialog.ChessGameSearchDialog object at 0x0000022538C065E0>
PyQt5.uic.properties - DEBUG - setting property title
PyQt5.uic.uiparser - DEBUG - push QGroupBox groupBox
PyQt5.uic.uiparser - DEBUG - push QGridLayout gridLayout
PyQt5.uic.uiparser - DEBUG - push QLineEdit line_edit_white_player_first_name
PyQt5.uic.uiparser - DEBUG - pop widget QLineEdit line_edit_white_player_first_name
PyQt5.uic.uiparser - DEBUG - new topwidget <PyQt5.QtWidgets.QGroupBox object at 0x0000022538C069D0>
PyQt5.uic.properties - DEBUG - setting property text
PyQt5.uic.uiparser - DEBUG - push QCheckBox check_box_white_player_first_name
PyQt5.uic.uiparser - DEBUG - pop widget QCheckBox check_box_white_player_first_name
PyQt5.uic.uiparser - DEBUG - new topwidget <PyQt5.QtWidgets.QGroupBox object at 0x0000022538C069D0>
PyQt5.uic.properties - DEBUG - setting property text
PyQt5.uic.uiparser - DEBUG - push QLabel label_3
PyQt5.uic.uiparser - DEBUG - pop widget QLabel label_3
PyQt5.uic.uiparser - DEBUG - new topwidget <PyQt5.QtWidgets.QGroupBox object at 0x0000022538C069D0>
PyQt5.uic.uiparser - DEBUG - push QLineEdit line_edit_white_player_last_name
PyQt5.uic.uiparser - DEBUG - pop widget QLineEdit line_edit_white_player_last_name
PyQt5.uic.uiparser - DEBUG - new topwidget <PyQt5.QtWidgets.QGroupBox object at 0x0000022538C069D0>
PyQt5.uic.properties - DEBUG - setting property text
PyQt5.uic.uiparser - DEBUG - push QCheckBox check_box_white_player_last_name
PyQt5.uic.uiparser - DEBUG - pop widget QCheckBox check_box_white_player_last_name
PyQt5.uic.uiparser - DEBUG - new topwidget <PyQt5.QtWidgets.QGroupBox object at 0x0000022538C069D0>
PyQt5.uic.properties - DEBUG - setting property text
PyQt5.uic.uiparser - DEBUG - push QLabel label_2
PyQt5.uic.uiparser - DEBUG - pop widget QLabel label_2
PyQt5.uic.uiparser - DEBUG - new topwidget <PyQt5.QtWidgets.QGroupBox object at 0x0000022538C069D0>
PyQt5.uic.uiparser - DEBUG - pop layout QGridLayout gridLayout
PyQt5.uic.uiparser - DEBUG - pop widget QGroupBox groupBox
PyQt5.uic.uiparser - DEBUG - new topwidget <app.presenters.chess_game_search_dialog.ChessGameSearchDialog object at 0x0000022538C065E0>
PyQt5.uic.properties - DEBUG - setting property title
PyQt5.uic.uiparser - DEBUG - push QGroupBox groupBox_2
PyQt5.uic.uiparser - DEBUG - push QGridLayout gridLayout_2
PyQt5.uic.properties - DEBUG - setting property text
PyQt5.uic.uiparser - DEBUG - push QLabel label_4
PyQt5.uic.uiparser - DEBUG - pop widget QLabel label_4
PyQt5.uic.uiparser - DEBUG - new topwidget <PyQt5.QtWidgets.QGroupBox object at 0x0000022538C06E50>
PyQt5.uic.uiparser - DEBUG - push QLineEdit line_edit_black_player_first_name
PyQt5.uic.uiparser - DEBUG - pop widget QLineEdit line_edit_black_player_first_name
PyQt5.uic.uiparser - DEBUG - new topwidget <PyQt5.QtWidgets.QGroupBox object at 0x0000022538C06E50>
PyQt5.uic.properties - DEBUG - setting property text
PyQt5.uic.uiparser - DEBUG - push QCheckBox check_box_black_player_first_name
PyQt5.uic.uiparser - DEBUG - pop widget QCheckBox check_box_black_player_first_name
PyQt5.uic.uiparser - DEBUG - new topwidget <PyQt5.QtWidgets.QGroupBox object at 0x0000022538C06E50>
PyQt5.uic.properties - DEBUG - setting property text
PyQt5.uic.uiparser - DEBUG - push QLabel label_5
PyQt5.uic.uiparser - DEBUG - pop widget QLabel label_5
PyQt5.uic.uiparser - DEBUG - new topwidget <PyQt5.QtWidgets.QGroupBox object at 0x0000022538C06E50>
PyQt5.uic.uiparser - DEBUG - push QLineEdit line_edit_black_player_last_name
PyQt5.uic.uiparser - DEBUG - pop widget QLineEdit line_edit_black_player_last_name
PyQt5.uic.uiparser - DEBUG - new topwidget <PyQt5.QtWidgets.QGroupBox object at 0x0000022538C06E50>
PyQt5.uic.properties - DEBUG - setting property text
PyQt5.uic.uiparser - DEBUG - push QCheckBox check_box_black_player_last_name
PyQt5.uic.uiparser - DEBUG - pop widget QCheckBox check_box_black_player_last_name
PyQt5.uic.uiparser - DEBUG - new topwidget <PyQt5.QtWidgets.QGroupBox object at 0x0000022538C06E50>
PyQt5.uic.uiparser - DEBUG - pop layout QGridLayout gridLayout_2
PyQt5.uic.uiparser - DEBUG - pop widget QGroupBox groupBox_2
PyQt5.uic.uiparser - DEBUG - new topwidget <app.presenters.chess_game_search_dialog.ChessGameSearchDialog object at 0x0000022538C065E0>
PyQt5.uic.properties - DEBUG - setting property cursor
PyQt5.uic.properties - DEBUG - setting property text
PyQt5.uic.uiparser - DEBUG - push QPushButton push_button_find_game
PyQt5.uic.uiparser - DEBUG - pop widget QPushButton push_button_find_game
PyQt5.uic.uiparser - DEBUG - new topwidget <app.presenters.chess_game_search_dialog.ChessGameSearchDialog object at 0x0000022538C065E0>
PyQt5.uic.uiparser - DEBUG - push QTableView table_view
PyQt5.uic.uiparser - DEBUG - pop widget QTableView table_view
PyQt5.uic.uiparser - DEBUG - new topwidget <app.presenters.chess_game_search_dialog.ChessGameSearchDialog object at 0x0000022538C065E0>
PyQt5.uic.properties - DEBUG - setting property cursor
PyQt5.uic.properties - DEBUG - setting property text
PyQt5.uic.uiparser - DEBUG - push QPushButton push_button_load_chess_game
PyQt5.uic.uiparser - DEBUG - pop widget QPushButton push_button_load_chess_game
PyQt5.uic.uiparser - DEBUG - new topwidget <app.presenters.chess_game_search_dialog.ChessGameSearchDialog object at 0x0000022538C065E0>
PyQt5.uic.uiparser - DEBUG - pop layout QVBoxLayout verticalLayout
PyQt5.uic.uiparser - DEBUG - pop widget ChessGameSearchDialog Dialog
PyQt5.uic.uiparser - DEBUG - new topwidget None
